<?xml version="1.0" encoding="UTF-8"?>
<testng-results ignored="0" total="3" passed="3" failed="0" skipped="0">
  <reporter-output>
  </reporter-output>
  <suite started-at="2018-03-04T03:26:13Z" name="Default suite" finished-at="2018-03-04T03:26:13Z" duration-ms="86">
    <groups>
    </groups>
    <test started-at="2018-03-04T03:26:13Z" name="Default test" finished-at="2018-03-04T03:26:13Z" duration-ms="86">
      <class name="TestTut.Tut1.First1">
        <test-method is-config="true" signature="beforesuite()[pri:0, instance:TestTut.Tut1.First1@3ee37e5a]" started-at="2018-03-04T03:26:00Z" name="beforesuite" finished-at="2018-03-04T03:26:13Z" duration-ms="12252" status="PASS">
          <reporter-output>
          </reporter-output>
        </test-method> <!-- beforesuite -->
        <test-method is-config="true" signature="beforTest()[pri:0, instance:TestTut.Tut1.First1@3ee37e5a]" started-at="2018-03-04T03:26:13Z" name="beforTest" finished-at="2018-03-04T03:26:13Z" duration-ms="0" status="PASS">
          <reporter-output>
          </reporter-output>
        </test-method> <!-- beforTest -->
        <test-method is-config="true" signature="beforeclass()[pri:0, instance:TestTut.Tut1.First1@3ee37e5a]" started-at="2018-03-04T03:26:13Z" name="beforeclass" finished-at="2018-03-04T03:26:13Z" duration-ms="1" status="PASS">
          <reporter-output>
          </reporter-output>
        </test-method> <!-- beforeclass -->
        <test-method signature="f()[pri:0, instance:TestTut.Tut1.First1@3ee37e5a]" started-at="2018-03-04T03:26:13Z" name="f" finished-at="2018-03-04T03:26:13Z" duration-ms="13" status="PASS">
          <reporter-output>
          </reporter-output>
        </test-method> <!-- f -->
        <test-method is-config="true" signature="beforeMet()[pri:0, instance:TestTut.Tut1.First1@3ee37e5a]" started-at="2018-03-04T03:26:13Z" name="beforeMet" finished-at="2018-03-04T03:26:13Z" duration-ms="0" status="PASS">
          <reporter-output>
          </reporter-output>
        </test-method> <!-- beforeMet -->
        <test-method is-config="true" signature="afterMethod()[pri:0, instance:TestTut.Tut1.First1@3ee37e5a]" started-at="2018-03-04T03:26:13Z" name="afterMethod" finished-at="2018-03-04T03:26:13Z" duration-ms="0" status="PASS">
          <reporter-output>
          </reporter-output>
        </test-method> <!-- afterMethod -->
        <test-method is-config="true" signature="beforeMet()[pri:0, instance:TestTut.Tut1.First1@3ee37e5a]" started-at="2018-03-04T03:26:13Z" name="beforeMet" finished-at="2018-03-04T03:26:13Z" duration-ms="1" status="PASS">
          <reporter-output>
          </reporter-output>
        </test-method> <!-- beforeMet -->
        <test-method signature="s()[pri:0, instance:TestTut.Tut1.First1@3ee37e5a]" started-at="2018-03-04T03:26:13Z" name="s" finished-at="2018-03-04T03:26:13Z" duration-ms="9" status="PASS">
          <reporter-output>
          </reporter-output>
        </test-method> <!-- s -->
        <test-method is-config="true" signature="afterMethod()[pri:0, instance:TestTut.Tut1.First1@3ee37e5a]" started-at="2018-03-04T03:26:13Z" name="afterMethod" finished-at="2018-03-04T03:26:13Z" duration-ms="1" status="PASS">
          <reporter-output>
          </reporter-output>
        </test-method> <!-- afterMethod -->
        <test-method signature="t()[pri:0, instance:TestTut.Tut1.First1@3ee37e5a]" started-at="2018-03-04T03:26:13Z" name="t" finished-at="2018-03-04T03:26:13Z" duration-ms="13" status="PASS">
          <reporter-output>
          </reporter-output>
        </test-method> <!-- t -->
        <test-method is-config="true" signature="beforeMet()[pri:0, instance:TestTut.Tut1.First1@3ee37e5a]" started-at="2018-03-04T03:26:13Z" name="beforeMet" finished-at="2018-03-04T03:26:13Z" duration-ms="0" status="PASS">
          <reporter-output>
          </reporter-output>
        </test-method> <!-- beforeMet -->
        <test-method is-config="true" signature="afterMethod()[pri:0, instance:TestTut.Tut1.First1@3ee37e5a]" started-at="2018-03-04T03:26:13Z" name="afterMethod" finished-at="2018-03-04T03:26:13Z" duration-ms="1" status="PASS">
          <reporter-output>
          </reporter-output>
        </test-method> <!-- afterMethod -->
        <test-method is-config="true" signature="afterClass()[pri:0, instance:TestTut.Tut1.First1@3ee37e5a]" started-at="2018-03-04T03:26:13Z" name="afterClass" finished-at="2018-03-04T03:26:13Z" duration-ms="1" status="PASS">
          <reporter-output>
          </reporter-output>
        </test-method> <!-- afterClass -->
        <test-method is-config="true" signature="afterTest()[pri:0, instance:TestTut.Tut1.First1@3ee37e5a]" started-at="2018-03-04T03:26:13Z" name="afterTest" finished-at="2018-03-04T03:26:13Z" duration-ms="1" status="PASS">
          <reporter-output>
          </reporter-output>
        </test-method> <!-- afterTest -->
        <test-method is-config="true" signature="aftersuite()[pri:0, instance:TestTut.Tut1.First1@3ee37e5a]" started-at="2018-03-04T03:26:13Z" name="aftersuite" finished-at="2018-03-04T03:26:13Z" duration-ms="545" status="PASS">
          <reporter-output>
          </reporter-output>
        </test-method> <!-- aftersuite -->
      </class> <!-- TestTut.Tut1.First1 -->
    </test> <!-- Default test -->
  </suite> <!-- Default suite -->
</testng-results>
