<?xml version="1.0" encoding="UTF-8"?>
<!-- Generated by org.testng.reporters.JUnitXMLReporter -->
<testsuite hostname="BDC4A-L-5465CDZ" ignored="2" name="Test" tests="1" failures="0" timestamp="01 Nov 2017 06:39:02 GMT" time="0.063" errors="0">
  <testcase name="test10001" time="0.015" classname="com.tests.GroupTest"/>
  <testcase name="test20001" time="0.0" classname="com.tests.GroupTest">
    <ignored/>
  </testcase> <!-- test20001 -->
  <testcase name="test50001" time="0.0" classname="com.tests.GroupTest">
    <ignored/>
  </testcase> <!-- test50001 -->
</testsuite> <!-- Test -->
